<?xml version="1.0" encoding="UTF-8"?>
<!-- Generated by org.testng.reporters.JUnitReportReporter -->
<testsuite hostname="ALG-LT-AGB1206" failures="0" tests="1" name="p2.A" time="0.003" errors="0" timestamp="2024-04-30T15:25:18 IST" skipped="0">
  <testcase classname="p2.A" name="test" time="0.003"/>
</testsuite> <!-- p2.A -->
